2024-09-16 10:23:22 [main] INFO  c.a.AcledaTrainingProjectApplication - Starting AcledaTrainingProjectApplication using Java 17.0.10 with PID 2820 (D:\app\training-project\target\classes started by USER in D:\app\training-project)
2024-09-16 10:23:22 [main] INFO  c.a.AcledaTrainingProjectApplication - The following 1 profile is active: "dev"
2024-09-16 10:23:25 [main] INFO  o.s.d.r.c.RepositoryConfigurationDelegate - Bootstrapping Spring Data JPA repositories in DEFAULT mode.
2024-09-16 10:23:25 [main] INFO  o.s.d.r.c.RepositoryConfigurationDelegate - Finished Spring Data repository scanning in 132 ms. Found 5 JPA repository interfaces.
2024-09-16 10:23:27 [main] DEBUG o.s.b.w.e.t.TomcatServletWebServerFactory - Code archive: C:\Users\USER\.m2\repository\org\springframework\boot\spring-boot\3.3.3\spring-boot-3.3.3.jar
2024-09-16 10:23:27 [main] DEBUG o.s.b.w.e.t.TomcatServletWebServerFactory - Code archive: C:\Users\USER\.m2\repository\org\springframework\boot\spring-boot\3.3.3\spring-boot-3.3.3.jar
2024-09-16 10:23:27 [main] DEBUG o.s.b.w.e.t.TomcatServletWebServerFactory - None of the document roots [src/main/webapp, public, static] point to a directory and will be ignored.
2024-09-16 10:23:27 [main] INFO  o.s.b.w.e.tomcat.TomcatWebServer - Tomcat initialized with port 8080 (http)
2024-09-16 10:23:27 [main] INFO  o.a.catalina.core.StandardService - Starting service [Tomcat]
2024-09-16 10:23:27 [main] INFO  o.a.catalina.core.StandardEngine - Starting Servlet engine: [Apache Tomcat/10.1.28]
2024-09-16 10:23:27 [main] INFO  o.a.c.c.C.[Tomcat].[localhost].[/] - Initializing Spring embedded WebApplicationContext
2024-09-16 10:23:27 [main] INFO  o.s.b.w.s.c.ServletWebServerApplicationContext - Root WebApplicationContext: initialization completed in 5201 ms
2024-09-16 10:23:28 [main] INFO  o.h.jpa.internal.util.LogHelper - HHH000204: Processing PersistenceUnitInfo [name: default]
2024-09-16 10:23:28 [main] INFO  org.hibernate.Version - HHH000412: Hibernate ORM core version 6.5.2.Final
2024-09-16 10:23:28 [main] INFO  o.h.c.i.RegionFactoryInitiator - HHH000026: Second-level cache disabled
2024-09-16 10:23:29 [main] INFO  o.s.o.j.p.SpringPersistenceUnitInfo - No LoadTimeWeaver setup: ignoring JPA class transformer
2024-09-16 10:23:29 [main] INFO  com.zaxxer.hikari.HikariDataSource - HikariPool-1 - Starting...
2024-09-16 10:23:30 [main] INFO  com.zaxxer.hikari.pool.HikariPool - HikariPool-1 - Added connection org.postgresql.jdbc.PgConnection@4136b193
2024-09-16 10:23:30 [main] INFO  com.zaxxer.hikari.HikariDataSource - HikariPool-1 - Start completed.
2024-09-16 10:23:33 [main] INFO  o.h.e.t.j.p.i.JtaPlatformInitiator - HHH000489: No JTA platform available (set 'hibernate.transaction.jta.platform' to enable JTA platform integration)
2024-09-16 10:23:33 [main] INFO  o.s.o.j.LocalContainerEntityManagerFactoryBean - Initialized JPA EntityManagerFactory for persistence unit 'default'
2024-09-16 10:23:34 [main] INFO  o.s.d.j.r.query.QueryEnhancerFactory - Hibernate is in classpath; If applicable, HQL parser will be used.
2024-09-16 10:23:35 [main] INFO  o.s.s.c.a.a.c.InitializeAuthenticationProviderBeanManagerConfigurer$InitializeAuthenticationProviderManagerConfigurer - Global AuthenticationManager configured with AuthenticationProvider bean with name authenticationProvider
2024-09-16 10:23:35 [main] WARN  o.s.s.c.a.a.c.InitializeUserDetailsBeanManagerConfigurer$InitializeUserDetailsManagerConfigurer - Global AuthenticationManager configured with an AuthenticationProvider bean. UserDetailsService beans will not be used for username/password login. Consider removing the AuthenticationProvider bean. Alternatively, consider using the UserDetailsService in a manually instantiated DaoAuthenticationProvider.
2024-09-16 10:23:36 [main] WARN  o.s.b.a.o.j.JpaBaseConfiguration$JpaWebConfiguration - spring.jpa.open-in-view is enabled by default. Therefore, database queries may be performed during view rendering. Explicitly configure spring.jpa.open-in-view to disable this warning
2024-09-16 10:23:37 [main] INFO  o.s.b.a.e.web.EndpointLinksResolver - Exposing 1 endpoint beneath base path '/actuator'
2024-09-16 10:23:39 [main] INFO  o.s.b.w.e.tomcat.TomcatWebServer - Tomcat started on port 8080 (http) with context path '/'
2024-09-16 10:23:39 [main] INFO  c.a.AcledaTrainingProjectApplication - Started AcledaTrainingProjectApplication in 17.677 seconds (process running for 19.301)
2024-09-16 10:23:39 [http-nio-8080-exec-1] INFO  o.a.c.c.C.[Tomcat].[localhost].[/] - Initializing Spring DispatcherServlet 'dispatcherServlet'
2024-09-16 10:23:39 [http-nio-8080-exec-1] INFO  o.s.web.servlet.DispatcherServlet - Initializing Servlet 'dispatcherServlet'
2024-09-16 10:23:39 [http-nio-8080-exec-1] INFO  o.s.web.servlet.DispatcherServlet - Completed initialization in 2 ms
2024-09-16 10:23:40 [http-nio-8080-exec-1] INFO  com.acledabankplc.log.LoggingAspect - Method ResponseEntity com.acledabankplc.controller.EnrollmentController.registerEnrollment(EnrollmentRequest) called with requestData: [{"courseId":14,"studentId":20}]
2024-09-16 10:23:40 [http-nio-8080-exec-1] INFO  com.acledabankplc.log.LoggingAspect - Method ResponseEntity com.acledabankplc.controller.EnrollmentController.registerEnrollment(EnrollmentRequest) returned responseData: {"headers":{},"body":{"courseName":"Englis","studentName":"John","studentId":20,"enrollmentDate":"2024-09-16"},"statusCode":"OK","statusCodeValue":200} in 260 ms
2024-09-16 10:24:15 [http-nio-8080-exec-5] INFO  c.a.c.auth.AuthenticationService - Message Log: [!!!org.springframework.security.authentication.UsernamePasswordAuthenticationToken@3013d000=>java.lang.StackOverflowError:null!!!]
2024-09-16 10:24:25 [http-nio-8080-exec-6] INFO  com.acledabankplc.log.LoggingAspect - Method ResponseEntity com.acledabankplc.controller.StudentController.registerNewStudent(StudentDTO) called with requestData: [{"firstName":"John","lastName":"Doe","phoneNumber":"+1234567890","dob":642729600000,"email":"john.doe@example.com"}]
2024-09-16 10:24:25 [http-nio-8080-exec-6] INFO  com.acledabankplc.log.LoggingAspect - Method ResponseEntity com.acledabankplc.controller.StudentController.registerNewStudent(StudentDTO) returned responseData: {"headers":{},"body":{"firstName":"John","lastName":"Doe","phoneNumber":"+1234567890","dob":642729600000,"email":"john.doe@example.com"},"statusCode":"OK","statusCodeValue":200} in 36 ms
2024-09-16 10:25:22 [http-nio-8080-exec-7] INFO  com.acledabankplc.log.LoggingAspect - Method ResponseEntity com.acledabankplc.controller.StudentController.registerNewStudent(StudentDTO) called with requestData: [{"firstName":"John","lastName":"Doe","phoneNumber":"+1234567890","dob":642729600000,"email":"john.doe@example.com"}]
2024-09-16 10:25:22 [http-nio-8080-exec-7] INFO  com.acledabankplc.log.LoggingAspect - Method ResponseEntity com.acledabankplc.controller.StudentController.registerNewStudent(StudentDTO) returned responseData: {"headers":{},"body":{"firstName":"John","lastName":"Doe","phoneNumber":"+1234567890","dob":642729600000,"email":"john.doe@example.com"},"statusCode":"OK","statusCodeValue":200} in 4 ms
2024-09-16 10:26:57 [http-nio-8080-exec-2] INFO  com.acledabankplc.log.LoggingAspect - Method ResponseEntity com.acledabankplc.controller.StudentController.inquiryStudentById(Long) called with requestData: [3]
2024-09-16 10:26:57 [http-nio-8080-exec-2] INFO  com.acledabankplc.log.LoggingAspect - Method ResponseEntity com.acledabankplc.controller.StudentController.inquiryStudentById(Long) returned responseData: {"headers":{},"body":{"createdDate":[2024,9,12,8,59,51,492877000],"lastModifiedDate":[2024,9,12,8,59,51,492877000],"createdBy":2,"lastModifiedBy":null,"id":3,"firstName":"John","lastName":"ggg","phoneNumber":"1234567890","dob":632361600000,"email":"john.doe@example.com","registerDate":[2024,9,12]},"statusCode":"OK","statusCodeValue":200} in 0 ms
2024-09-16 10:31:04 [SpringApplicationShutdownHook] INFO  o.s.o.j.LocalContainerEntityManagerFactoryBean - Closing JPA EntityManagerFactory for persistence unit 'default'
2024-09-16 10:31:04 [SpringApplicationShutdownHook] INFO  com.zaxxer.hikari.HikariDataSource - HikariPool-1 - Shutdown initiated...
2024-09-16 10:31:04 [SpringApplicationShutdownHook] INFO  com.zaxxer.hikari.HikariDataSource - HikariPool-1 - Shutdown completed.
2024-09-16 10:31:14 [main] INFO  c.a.AcledaTrainingProjectApplication - Starting AcledaTrainingProjectApplication using Java 17.0.10 with PID 13688 (D:\app\training-project\target\classes started by USER in D:\app\training-project)
2024-09-16 10:31:14 [main] INFO  c.a.AcledaTrainingProjectApplication - The following 1 profile is active: "dev"
2024-09-16 10:31:17 [main] INFO  o.s.d.r.c.RepositoryConfigurationDelegate - Bootstrapping Spring Data JPA repositories in DEFAULT mode.
2024-09-16 10:31:17 [main] INFO  o.s.d.r.c.RepositoryConfigurationDelegate - Finished Spring Data repository scanning in 139 ms. Found 5 JPA repository interfaces.
2024-09-16 10:31:19 [main] DEBUG o.s.b.w.e.t.TomcatServletWebServerFactory - Code archive: C:\Users\USER\.m2\repository\org\springframework\boot\spring-boot\3.3.3\spring-boot-3.3.3.jar
2024-09-16 10:31:19 [main] DEBUG o.s.b.w.e.t.TomcatServletWebServerFactory - Code archive: C:\Users\USER\.m2\repository\org\springframework\boot\spring-boot\3.3.3\spring-boot-3.3.3.jar
2024-09-16 10:31:19 [main] DEBUG o.s.b.w.e.t.TomcatServletWebServerFactory - None of the document roots [src/main/webapp, public, static] point to a directory and will be ignored.
2024-09-16 10:31:19 [main] INFO  o.s.b.w.e.tomcat.TomcatWebServer - Tomcat initialized with port 8080 (http)
2024-09-16 10:31:19 [main] INFO  o.a.catalina.core.StandardService - Starting service [Tomcat]
2024-09-16 10:31:19 [main] INFO  o.a.catalina.core.StandardEngine - Starting Servlet engine: [Apache Tomcat/10.1.28]
2024-09-16 10:31:19 [main] INFO  o.a.c.c.C.[Tomcat].[localhost].[/] - Initializing Spring embedded WebApplicationContext
2024-09-16 10:31:19 [main] INFO  o.s.b.w.s.c.ServletWebServerApplicationContext - Root WebApplicationContext: initialization completed in 4859 ms
2024-09-16 10:31:20 [main] INFO  o.h.jpa.internal.util.LogHelper - HHH000204: Processing PersistenceUnitInfo [name: default]
2024-09-16 10:31:20 [main] INFO  org.hibernate.Version - HHH000412: Hibernate ORM core version 6.5.2.Final
2024-09-16 10:31:20 [main] INFO  o.h.c.i.RegionFactoryInitiator - HHH000026: Second-level cache disabled
2024-09-16 10:31:20 [main] INFO  o.s.o.j.p.SpringPersistenceUnitInfo - No LoadTimeWeaver setup: ignoring JPA class transformer
2024-09-16 10:31:20 [main] INFO  com.zaxxer.hikari.HikariDataSource - HikariPool-1 - Starting...
2024-09-16 10:31:21 [main] INFO  com.zaxxer.hikari.pool.HikariPool - HikariPool-1 - Added connection org.postgresql.jdbc.PgConnection@abf1816
2024-09-16 10:31:21 [main] INFO  com.zaxxer.hikari.HikariDataSource - HikariPool-1 - Start completed.
2024-09-16 10:31:23 [main] INFO  o.h.e.t.j.p.i.JtaPlatformInitiator - HHH000489: No JTA platform available (set 'hibernate.transaction.jta.platform' to enable JTA platform integration)
2024-09-16 10:31:23 [main] INFO  o.s.o.j.LocalContainerEntityManagerFactoryBean - Initialized JPA EntityManagerFactory for persistence unit 'default'
2024-09-16 10:31:24 [main] INFO  o.s.d.j.r.query.QueryEnhancerFactory - Hibernate is in classpath; If applicable, HQL parser will be used.
2024-09-16 10:31:25 [main] INFO  o.s.s.c.a.a.c.InitializeAuthenticationProviderBeanManagerConfigurer$InitializeAuthenticationProviderManagerConfigurer - Global AuthenticationManager configured with AuthenticationProvider bean with name authenticationProvider
2024-09-16 10:31:25 [main] WARN  o.s.s.c.a.a.c.InitializeUserDetailsBeanManagerConfigurer$InitializeUserDetailsManagerConfigurer - Global AuthenticationManager configured with an AuthenticationProvider bean. UserDetailsService beans will not be used for username/password login. Consider removing the AuthenticationProvider bean. Alternatively, consider using the UserDetailsService in a manually instantiated DaoAuthenticationProvider.
2024-09-16 10:31:26 [main] WARN  o.s.b.a.o.j.JpaBaseConfiguration$JpaWebConfiguration - spring.jpa.open-in-view is enabled by default. Therefore, database queries may be performed during view rendering. Explicitly configure spring.jpa.open-in-view to disable this warning
2024-09-16 10:31:27 [main] INFO  o.s.b.a.e.web.EndpointLinksResolver - Exposing 1 endpoint beneath base path '/actuator'
2024-09-16 10:31:28 [main] INFO  o.s.b.w.e.tomcat.TomcatWebServer - Tomcat started on port 8080 (http) with context path '/'
2024-09-16 10:31:28 [main] INFO  c.a.AcledaTrainingProjectApplication - Started AcledaTrainingProjectApplication in 15.195 seconds (process running for 16.504)
2024-09-16 10:31:29 [RMI TCP Connection(3)-172.17.202.45] INFO  o.a.c.c.C.[Tomcat].[localhost].[/] - Initializing Spring DispatcherServlet 'dispatcherServlet'
2024-09-16 10:31:29 [RMI TCP Connection(3)-172.17.202.45] INFO  o.s.web.servlet.DispatcherServlet - Initializing Servlet 'dispatcherServlet'
2024-09-16 10:31:29 [RMI TCP Connection(3)-172.17.202.45] INFO  o.s.web.servlet.DispatcherServlet - Completed initialization in 3 ms
2024-09-16 10:31:43 [http-nio-8080-exec-2] INFO  com.acledabankplc.log.LoggingAspect - Total requests processed: 1
2024-09-16 10:31:43 [http-nio-8080-exec-2] INFO  com.acledabankplc.log.LoggingAspect - Method ResponseEntity com.acledabankplc.controller.StudentController.inquiryStudentById(Long) called with requestData: [3]
2024-09-16 10:31:43 [http-nio-8080-exec-2] INFO  com.acledabankplc.log.LoggingAspect - Method ResponseEntity com.acledabankplc.controller.StudentController.inquiryStudentById(Long) returned responseData: {"headers":{},"body":{"createdDate":[2024,9,12,8,59,51,492877000],"lastModifiedDate":[2024,9,12,8,59,51,492877000],"createdBy":2,"lastModifiedBy":null,"id":3,"firstName":"John","lastName":"ggg","phoneNumber":"1234567890","dob":632361600000,"email":"john.doe@example.com","registerDate":[2024,9,12]},"statusCode":"OK","statusCodeValue":200} in 40 ms
2024-09-16 10:31:45 [http-nio-8080-exec-3] INFO  com.acledabankplc.log.LoggingAspect - Total requests processed: 2
2024-09-16 10:31:45 [http-nio-8080-exec-3] INFO  com.acledabankplc.log.LoggingAspect - Method ResponseEntity com.acledabankplc.controller.StudentController.inquiryStudentById(Long) called with requestData: [3]
2024-09-16 10:31:45 [http-nio-8080-exec-3] INFO  com.acledabankplc.log.LoggingAspect - Method ResponseEntity com.acledabankplc.controller.StudentController.inquiryStudentById(Long) returned responseData: {"headers":{},"body":{"createdDate":[2024,9,12,8,59,51,492877000],"lastModifiedDate":[2024,9,12,8,59,51,492877000],"createdBy":2,"lastModifiedBy":null,"id":3,"firstName":"John","lastName":"ggg","phoneNumber":"1234567890","dob":632361600000,"email":"john.doe@example.com","registerDate":[2024,9,12]},"statusCode":"OK","statusCodeValue":200} in 2 ms
2024-09-16 10:32:05 [http-nio-8080-exec-4] INFO  com.acledabankplc.log.LoggingAspect - Total requests processed: 3
2024-09-16 10:32:05 [http-nio-8080-exec-4] INFO  com.acledabankplc.log.LoggingAspect - Method ResponseEntity com.acledabankplc.controller.StudentController.inquiryStudentById(Long) called with requestData: [3]
2024-09-16 10:32:05 [http-nio-8080-exec-4] INFO  com.acledabankplc.log.LoggingAspect - Method ResponseEntity com.acledabankplc.controller.StudentController.inquiryStudentById(Long) returned responseData: {"headers":{},"body":{"createdDate":[2024,9,12,8,59,51,492877000],"lastModifiedDate":[2024,9,12,8,59,51,492877000],"createdBy":2,"lastModifiedBy":null,"id":3,"firstName":"John","lastName":"ggg","phoneNumber":"1234567890","dob":632361600000,"email":"john.doe@example.com","registerDate":[2024,9,12]},"statusCode":"OK","statusCodeValue":200} in 4 ms
2024-09-16 10:32:30 [http-nio-8080-exec-5] INFO  com.acledabankplc.log.LoggingAspect - Total requests processed: 4
2024-09-16 10:32:30 [http-nio-8080-exec-5] INFO  com.acledabankplc.log.LoggingAspect - Method ResponseEntity com.acledabankplc.controller.StudentController.registerNewStudent(StudentDTO) called with requestData: [{"firstName":"John","lastName":"Doe","phoneNumber":"+1234567890","dob":642729600000,"email":"john.doe@example.com"}]
2024-09-16 10:32:30 [http-nio-8080-exec-5] INFO  com.acledabankplc.log.LoggingAspect - Method ResponseEntity com.acledabankplc.controller.StudentController.registerNewStudent(StudentDTO) returned responseData: {"headers":{},"body":{"firstName":"John","lastName":"Doe","phoneNumber":"+1234567890","dob":642729600000,"email":"john.doe@example.com"},"statusCode":"OK","statusCodeValue":200} in 79 ms
2024-09-16 10:34:48 [http-nio-8080-exec-8] INFO  com.acledabankplc.log.LoggingAspect - Total requests processed: 5
2024-09-16 10:34:48 [http-nio-8080-exec-8] INFO  com.acledabankplc.log.LoggingAspect - Method ResponseEntity com.acledabankplc.controller.StudentController.registerNewStudent(StudentDTO) called with requestData: [{"firstName":"John","lastName":"Doe","phoneNumber":"+1234567890","dob":642729600000,"email":"john.doe@example.com"}]
2024-09-16 10:34:48 [http-nio-8080-exec-8] INFO  com.acledabankplc.log.LoggingAspect - Method ResponseEntity com.acledabankplc.controller.StudentController.registerNewStudent(StudentDTO) returned responseData: {"headers":{},"body":{"firstName":"John","lastName":"Doe","phoneNumber":"+1234567890","dob":642729600000,"email":"john.doe@example.com"},"statusCode":"OK","statusCodeValue":200} in 11 ms
2024-09-16 10:36:29 [http-nio-8080-exec-1] INFO  com.acledabankplc.log.LoggingAspect - Total requests processed: 6
2024-09-16 10:36:29 [http-nio-8080-exec-1] INFO  com.acledabankplc.log.LoggingAspect - Method ResponseEntity com.acledabankplc.controller.EnrollmentController.registerEnrollment(EnrollmentRequest) called with requestData: [{"courseId":14,"studentId":20}]
2024-09-16 10:36:29 [http-nio-8080-exec-1] INFO  c.a.s.serviceImpl.CourseServiceImpl - Student is already enrolled in this course: 14
2024-09-16 10:37:05 [SpringApplicationShutdownHook] INFO  o.s.o.j.LocalContainerEntityManagerFactoryBean - Closing JPA EntityManagerFactory for persistence unit 'default'
2024-09-16 10:37:05 [SpringApplicationShutdownHook] INFO  com.zaxxer.hikari.HikariDataSource - HikariPool-1 - Shutdown initiated...
2024-09-16 10:37:05 [SpringApplicationShutdownHook] INFO  com.zaxxer.hikari.HikariDataSource - HikariPool-1 - Shutdown completed.
2024-09-16 10:37:14 [main] INFO  c.a.AcledaTrainingProjectApplication - Starting AcledaTrainingProjectApplication using Java 17.0.10 with PID 6460 (D:\app\training-project\target\classes started by USER in D:\app\training-project)
2024-09-16 10:37:14 [main] INFO  c.a.AcledaTrainingProjectApplication - The following 1 profile is active: "dev"
2024-09-16 10:37:17 [main] INFO  o.s.d.r.c.RepositoryConfigurationDelegate - Bootstrapping Spring Data JPA repositories in DEFAULT mode.
2024-09-16 10:37:17 [main] INFO  o.s.d.r.c.RepositoryConfigurationDelegate - Finished Spring Data repository scanning in 125 ms. Found 5 JPA repository interfaces.
2024-09-16 10:37:19 [main] DEBUG o.s.b.w.e.t.TomcatServletWebServerFactory - Code archive: C:\Users\USER\.m2\repository\org\springframework\boot\spring-boot\3.3.3\spring-boot-3.3.3.jar
2024-09-16 10:37:19 [main] DEBUG o.s.b.w.e.t.TomcatServletWebServerFactory - Code archive: C:\Users\USER\.m2\repository\org\springframework\boot\spring-boot\3.3.3\spring-boot-3.3.3.jar
2024-09-16 10:37:19 [main] DEBUG o.s.b.w.e.t.TomcatServletWebServerFactory - None of the document roots [src/main/webapp, public, static] point to a directory and will be ignored.
2024-09-16 10:37:19 [main] INFO  o.s.b.w.e.tomcat.TomcatWebServer - Tomcat initialized with port 8080 (http)
2024-09-16 10:37:19 [main] INFO  o.a.catalina.core.StandardService - Starting service [Tomcat]
2024-09-16 10:37:19 [main] INFO  o.a.catalina.core.StandardEngine - Starting Servlet engine: [Apache Tomcat/10.1.28]
2024-09-16 10:37:19 [main] INFO  o.a.c.c.C.[Tomcat].[localhost].[/] - Initializing Spring embedded WebApplicationContext
2024-09-16 10:37:19 [main] INFO  o.s.b.w.s.c.ServletWebServerApplicationContext - Root WebApplicationContext: initialization completed in 4904 ms
2024-09-16 10:37:20 [main] INFO  o.h.jpa.internal.util.LogHelper - HHH000204: Processing PersistenceUnitInfo [name: default]
2024-09-16 10:37:20 [main] INFO  org.hibernate.Version - HHH000412: Hibernate ORM core version 6.5.2.Final
2024-09-16 10:37:20 [main] INFO  o.h.c.i.RegionFactoryInitiator - HHH000026: Second-level cache disabled
2024-09-16 10:37:21 [main] INFO  o.s.o.j.p.SpringPersistenceUnitInfo - No LoadTimeWeaver setup: ignoring JPA class transformer
2024-09-16 10:37:21 [main] INFO  com.zaxxer.hikari.HikariDataSource - HikariPool-1 - Starting...
2024-09-16 10:37:21 [main] INFO  com.zaxxer.hikari.pool.HikariPool - HikariPool-1 - Added connection org.postgresql.jdbc.PgConnection@738ed8f5
2024-09-16 10:37:21 [main] INFO  com.zaxxer.hikari.HikariDataSource - HikariPool-1 - Start completed.
2024-09-16 10:37:23 [main] INFO  o.h.e.t.j.p.i.JtaPlatformInitiator - HHH000489: No JTA platform available (set 'hibernate.transaction.jta.platform' to enable JTA platform integration)
2024-09-16 10:37:23 [main] INFO  o.s.o.j.LocalContainerEntityManagerFactoryBean - Initialized JPA EntityManagerFactory for persistence unit 'default'
2024-09-16 10:37:24 [main] INFO  o.s.d.j.r.query.QueryEnhancerFactory - Hibernate is in classpath; If applicable, HQL parser will be used.
2024-09-16 10:37:25 [main] INFO  o.s.s.c.a.a.c.InitializeAuthenticationProviderBeanManagerConfigurer$InitializeAuthenticationProviderManagerConfigurer - Global AuthenticationManager configured with AuthenticationProvider bean with name authenticationProvider
2024-09-16 10:37:25 [main] WARN  o.s.s.c.a.a.c.InitializeUserDetailsBeanManagerConfigurer$InitializeUserDetailsManagerConfigurer - Global AuthenticationManager configured with an AuthenticationProvider bean. UserDetailsService beans will not be used for username/password login. Consider removing the AuthenticationProvider bean. Alternatively, consider using the UserDetailsService in a manually instantiated DaoAuthenticationProvider.
2024-09-16 10:37:28 [main] WARN  o.s.b.a.o.j.JpaBaseConfiguration$JpaWebConfiguration - spring.jpa.open-in-view is enabled by default. Therefore, database queries may be performed during view rendering. Explicitly configure spring.jpa.open-in-view to disable this warning
2024-09-16 10:37:30 [main] INFO  o.s.b.a.e.web.EndpointLinksResolver - Exposing 1 endpoint beneath base path '/actuator'
2024-09-16 10:37:33 [main] INFO  o.s.b.w.e.tomcat.TomcatWebServer - Tomcat started on port 8080 (http) with context path '/'
2024-09-16 10:37:33 [main] INFO  c.a.AcledaTrainingProjectApplication - Started AcledaTrainingProjectApplication in 19.588 seconds (process running for 22.874)
2024-09-16 10:37:34 [RMI TCP Connection(5)-172.17.202.45] INFO  o.a.c.c.C.[Tomcat].[localhost].[/] - Initializing Spring DispatcherServlet 'dispatcherServlet'
2024-09-16 10:37:34 [RMI TCP Connection(5)-172.17.202.45] INFO  o.s.web.servlet.DispatcherServlet - Initializing Servlet 'dispatcherServlet'
2024-09-16 10:37:34 [RMI TCP Connection(5)-172.17.202.45] INFO  o.s.web.servlet.DispatcherServlet - Completed initialization in 4 ms
2024-09-16 10:37:38 [http-nio-8080-exec-1] INFO  com.acledabankplc.log.LoggingAspect - Total requests processed: 1
2024-09-16 10:37:38 [http-nio-8080-exec-1] INFO  com.acledabankplc.log.LoggingAspect - Method ResponseEntity com.acledabankplc.controller.EnrollmentController.registerEnrollment(EnrollmentRequest) called with requestData: [{"courseId":14,"studentId":20}]
2024-09-16 10:39:04 [http-nio-8080-exec-1] INFO  c.a.s.serviceImpl.CourseServiceImpl - Student is already enrolled in this course: 14
2024-09-16 10:39:05 [SpringApplicationShutdownHook] INFO  o.s.o.j.LocalContainerEntityManagerFactoryBean - Closing JPA EntityManagerFactory for persistence unit 'default'
2024-09-16 10:39:05 [SpringApplicationShutdownHook] INFO  com.zaxxer.hikari.HikariDataSource - HikariPool-1 - Shutdown initiated...
2024-09-16 10:39:05 [SpringApplicationShutdownHook] INFO  com.zaxxer.hikari.HikariDataSource - HikariPool-1 - Shutdown completed.
2024-09-16 10:40:06 [main] INFO  c.a.AcledaTrainingProjectApplication - Starting AcledaTrainingProjectApplication using Java 17.0.10 with PID 3032 (D:\app\training-project\target\classes started by USER in D:\app\training-project)
2024-09-16 10:40:06 [main] INFO  c.a.AcledaTrainingProjectApplication - The following 1 profile is active: "dev"
2024-09-16 10:40:09 [main] INFO  o.s.d.r.c.RepositoryConfigurationDelegate - Bootstrapping Spring Data JPA repositories in DEFAULT mode.
2024-09-16 10:40:09 [main] INFO  o.s.d.r.c.RepositoryConfigurationDelegate - Finished Spring Data repository scanning in 128 ms. Found 5 JPA repository interfaces.
2024-09-16 10:40:11 [main] DEBUG o.s.b.w.e.t.TomcatServletWebServerFactory - Code archive: C:\Users\USER\.m2\repository\org\springframework\boot\spring-boot\3.3.3\spring-boot-3.3.3.jar
2024-09-16 10:40:11 [main] DEBUG o.s.b.w.e.t.TomcatServletWebServerFactory - Code archive: C:\Users\USER\.m2\repository\org\springframework\boot\spring-boot\3.3.3\spring-boot-3.3.3.jar
2024-09-16 10:40:11 [main] DEBUG o.s.b.w.e.t.TomcatServletWebServerFactory - None of the document roots [src/main/webapp, public, static] point to a directory and will be ignored.
2024-09-16 10:40:11 [main] INFO  o.s.b.w.e.tomcat.TomcatWebServer - Tomcat initialized with port 8080 (http)
2024-09-16 10:40:11 [main] INFO  o.a.catalina.core.StandardService - Starting service [Tomcat]
2024-09-16 10:40:11 [main] INFO  o.a.catalina.core.StandardEngine - Starting Servlet engine: [Apache Tomcat/10.1.28]
2024-09-16 10:40:11 [main] INFO  o.a.c.c.C.[Tomcat].[localhost].[/] - Initializing Spring embedded WebApplicationContext
2024-09-16 10:40:11 [main] INFO  o.s.b.w.s.c.ServletWebServerApplicationContext - Root WebApplicationContext: initialization completed in 4550 ms
2024-09-16 10:40:11 [main] INFO  o.h.jpa.internal.util.LogHelper - HHH000204: Processing PersistenceUnitInfo [name: default]
2024-09-16 10:40:12 [main] INFO  org.hibernate.Version - HHH000412: Hibernate ORM core version 6.5.2.Final
2024-09-16 10:40:12 [main] INFO  o.h.c.i.RegionFactoryInitiator - HHH000026: Second-level cache disabled
2024-09-16 10:40:12 [main] INFO  o.s.o.j.p.SpringPersistenceUnitInfo - No LoadTimeWeaver setup: ignoring JPA class transformer
2024-09-16 10:40:12 [main] INFO  com.zaxxer.hikari.HikariDataSource - HikariPool-1 - Starting...
2024-09-16 10:40:12 [main] INFO  com.zaxxer.hikari.pool.HikariPool - HikariPool-1 - Added connection org.postgresql.jdbc.PgConnection@64186f60
2024-09-16 10:40:12 [main] INFO  com.zaxxer.hikari.HikariDataSource - HikariPool-1 - Start completed.
2024-09-16 10:40:15 [main] INFO  o.h.e.t.j.p.i.JtaPlatformInitiator - HHH000489: No JTA platform available (set 'hibernate.transaction.jta.platform' to enable JTA platform integration)
2024-09-16 10:40:15 [main] INFO  o.s.o.j.LocalContainerEntityManagerFactoryBean - Initialized JPA EntityManagerFactory for persistence unit 'default'
2024-09-16 10:40:16 [main] INFO  o.s.d.j.r.query.QueryEnhancerFactory - Hibernate is in classpath; If applicable, HQL parser will be used.
2024-09-16 10:40:17 [main] INFO  o.s.s.c.a.a.c.InitializeAuthenticationProviderBeanManagerConfigurer$InitializeAuthenticationProviderManagerConfigurer - Global AuthenticationManager configured with AuthenticationProvider bean with name authenticationProvider
2024-09-16 10:40:17 [main] WARN  o.s.s.c.a.a.c.InitializeUserDetailsBeanManagerConfigurer$InitializeUserDetailsManagerConfigurer - Global AuthenticationManager configured with an AuthenticationProvider bean. UserDetailsService beans will not be used for username/password login. Consider removing the AuthenticationProvider bean. Alternatively, consider using the UserDetailsService in a manually instantiated DaoAuthenticationProvider.
2024-09-16 10:40:19 [main] WARN  o.s.b.a.o.j.JpaBaseConfiguration$JpaWebConfiguration - spring.jpa.open-in-view is enabled by default. Therefore, database queries may be performed during view rendering. Explicitly configure spring.jpa.open-in-view to disable this warning
2024-09-16 10:40:21 [main] INFO  o.s.b.a.e.web.EndpointLinksResolver - Exposing 1 endpoint beneath base path '/actuator'
2024-09-16 10:40:23 [main] INFO  o.s.b.w.e.tomcat.TomcatWebServer - Tomcat started on port 8080 (http) with context path '/'
2024-09-16 10:40:23 [main] INFO  c.a.AcledaTrainingProjectApplication - Started AcledaTrainingProjectApplication in 17.676 seconds (process running for 19.046)
2024-09-16 10:40:24 [RMI TCP Connection(5)-172.17.202.45] INFO  o.a.c.c.C.[Tomcat].[localhost].[/] - Initializing Spring DispatcherServlet 'dispatcherServlet'
2024-09-16 10:40:24 [RMI TCP Connection(5)-172.17.202.45] INFO  o.s.web.servlet.DispatcherServlet - Initializing Servlet 'dispatcherServlet'
2024-09-16 10:40:24 [RMI TCP Connection(5)-172.17.202.45] INFO  o.s.web.servlet.DispatcherServlet - Completed initialization in 4 ms
2024-09-16 10:40:39 [http-nio-8080-exec-1] INFO  com.acledabankplc.log.LoggingAspect - Total requests processed: 1
2024-09-16 10:40:39 [http-nio-8080-exec-1] INFO  com.acledabankplc.log.LoggingAspect - Method ResponseEntity com.acledabankplc.controller.EnrollmentController.registerEnrollment(EnrollmentRequest) called with requestData: [{"courseId":15,"studentId":20}]
2024-09-16 10:42:19 [http-nio-8080-exec-1] INFO  com.acledabankplc.log.LoggingAspect - Method ResponseEntity com.acledabankplc.controller.EnrollmentController.registerEnrollment(EnrollmentRequest) returned responseData: {"headers":{},"body":{"courseName":"Englis","studentName":"John","studentId":20,"enrollmentDate":"2024-09-16"},"statusCode":"OK","statusCodeValue":200} in 99628 ms
2024-09-16 10:42:36 [SpringApplicationShutdownHook] INFO  o.s.o.j.LocalContainerEntityManagerFactoryBean - Closing JPA EntityManagerFactory for persistence unit 'default'
2024-09-16 10:42:36 [SpringApplicationShutdownHook] INFO  com.zaxxer.hikari.HikariDataSource - HikariPool-1 - Shutdown initiated...
2024-09-16 10:42:36 [SpringApplicationShutdownHook] INFO  com.zaxxer.hikari.HikariDataSource - HikariPool-1 - Shutdown completed.
2024-09-16 11:07:20 [main] INFO  c.a.AcledaTrainingProjectApplication - Starting AcledaTrainingProjectApplication using Java 17.0.10 with PID 10020 (D:\app\training-project\target\classes started by USER in D:\app\training-project)
2024-09-16 11:07:20 [main] INFO  c.a.AcledaTrainingProjectApplication - The following 1 profile is active: "dev"
2024-09-16 11:07:22 [main] INFO  o.s.d.r.c.RepositoryConfigurationDelegate - Bootstrapping Spring Data JPA repositories in DEFAULT mode.
2024-09-16 11:07:22 [main] INFO  o.s.d.r.c.RepositoryConfigurationDelegate - Finished Spring Data repository scanning in 117 ms. Found 5 JPA repository interfaces.
2024-09-16 11:07:24 [main] DEBUG o.s.b.w.e.t.TomcatServletWebServerFactory - Code archive: C:\Users\USER\.m2\repository\org\springframework\boot\spring-boot\3.3.3\spring-boot-3.3.3.jar
2024-09-16 11:07:24 [main] DEBUG o.s.b.w.e.t.TomcatServletWebServerFactory - Code archive: C:\Users\USER\.m2\repository\org\springframework\boot\spring-boot\3.3.3\spring-boot-3.3.3.jar
2024-09-16 11:07:24 [main] DEBUG o.s.b.w.e.t.TomcatServletWebServerFactory - None of the document roots [src/main/webapp, public, static] point to a directory and will be ignored.
2024-09-16 11:07:24 [main] INFO  o.s.b.w.e.tomcat.TomcatWebServer - Tomcat initialized with port 8080 (http)
2024-09-16 11:07:24 [main] INFO  o.a.catalina.core.StandardService - Starting service [Tomcat]
2024-09-16 11:07:24 [main] INFO  o.a.catalina.core.StandardEngine - Starting Servlet engine: [Apache Tomcat/10.1.28]
2024-09-16 11:07:24 [main] INFO  o.a.c.c.C.[Tomcat].[localhost].[/] - Initializing Spring embedded WebApplicationContext
2024-09-16 11:07:24 [main] INFO  o.s.b.w.s.c.ServletWebServerApplicationContext - Root WebApplicationContext: initialization completed in 4274 ms
2024-09-16 11:07:25 [main] INFO  o.h.jpa.internal.util.LogHelper - HHH000204: Processing PersistenceUnitInfo [name: default]
2024-09-16 11:07:25 [main] INFO  org.hibernate.Version - HHH000412: Hibernate ORM core version 6.5.2.Final
2024-09-16 11:07:25 [main] INFO  o.h.c.i.RegionFactoryInitiator - HHH000026: Second-level cache disabled
2024-09-16 11:07:25 [main] INFO  o.s.o.j.p.SpringPersistenceUnitInfo - No LoadTimeWeaver setup: ignoring JPA class transformer
2024-09-16 11:07:25 [main] INFO  com.zaxxer.hikari.HikariDataSource - HikariPool-1 - Starting...
2024-09-16 11:07:25 [main] INFO  com.zaxxer.hikari.pool.HikariPool - HikariPool-1 - Added connection org.postgresql.jdbc.PgConnection@44c2e8a8
2024-09-16 11:07:25 [main] INFO  com.zaxxer.hikari.HikariDataSource - HikariPool-1 - Start completed.
2024-09-16 11:07:27 [main] INFO  o.h.e.t.j.p.i.JtaPlatformInitiator - HHH000489: No JTA platform available (set 'hibernate.transaction.jta.platform' to enable JTA platform integration)
2024-09-16 11:07:28 [main] INFO  o.s.o.j.LocalContainerEntityManagerFactoryBean - Initialized JPA EntityManagerFactory for persistence unit 'default'
2024-09-16 11:07:28 [main] INFO  o.s.d.j.r.query.QueryEnhancerFactory - Hibernate is in classpath; If applicable, HQL parser will be used.
2024-09-16 11:07:29 [main] INFO  o.s.s.c.a.a.c.InitializeAuthenticationProviderBeanManagerConfigurer$InitializeAuthenticationProviderManagerConfigurer - Global AuthenticationManager configured with AuthenticationProvider bean with name authenticationProvider
2024-09-16 11:07:29 [main] WARN  o.s.s.c.a.a.c.InitializeUserDetailsBeanManagerConfigurer$InitializeUserDetailsManagerConfigurer - Global AuthenticationManager configured with an AuthenticationProvider bean. UserDetailsService beans will not be used for username/password login. Consider removing the AuthenticationProvider bean. Alternatively, consider using the UserDetailsService in a manually instantiated DaoAuthenticationProvider.
2024-09-16 11:07:29 [main] WARN  o.s.b.a.o.j.JpaBaseConfiguration$JpaWebConfiguration - spring.jpa.open-in-view is enabled by default. Therefore, database queries may be performed during view rendering. Explicitly configure spring.jpa.open-in-view to disable this warning
2024-09-16 11:07:30 [main] INFO  o.s.b.a.e.web.EndpointLinksResolver - Exposing 1 endpoint beneath base path '/actuator'
2024-09-16 11:07:31 [main] INFO  o.s.b.w.e.tomcat.TomcatWebServer - Tomcat started on port 8080 (http) with context path '/'
2024-09-16 11:07:31 [main] INFO  c.a.AcledaTrainingProjectApplication - Started AcledaTrainingProjectApplication in 12.671 seconds (process running for 14.078)
2024-09-16 11:07:31 [RMI TCP Connection(3)-172.17.202.45] INFO  o.a.c.c.C.[Tomcat].[localhost].[/] - Initializing Spring DispatcherServlet 'dispatcherServlet'
2024-09-16 11:07:31 [RMI TCP Connection(3)-172.17.202.45] INFO  o.s.web.servlet.DispatcherServlet - Initializing Servlet 'dispatcherServlet'
2024-09-16 11:07:31 [RMI TCP Connection(3)-172.17.202.45] INFO  o.s.web.servlet.DispatcherServlet - Completed initialization in 4 ms
2024-09-16 11:07:55 [SpringApplicationShutdownHook] INFO  o.s.o.j.LocalContainerEntityManagerFactoryBean - Closing JPA EntityManagerFactory for persistence unit 'default'
2024-09-16 11:07:55 [SpringApplicationShutdownHook] INFO  com.zaxxer.hikari.HikariDataSource - HikariPool-1 - Shutdown initiated...
2024-09-16 11:07:55 [SpringApplicationShutdownHook] INFO  com.zaxxer.hikari.HikariDataSource - HikariPool-1 - Shutdown completed.
2024-09-16 11:08:00 [main] INFO  c.a.AcledaTrainingProjectApplication - Starting AcledaTrainingProjectApplication using Java 17.0.10 with PID 6680 (D:\app\training-project\target\classes started by USER in D:\app\training-project)
2024-09-16 11:08:00 [main] INFO  c.a.AcledaTrainingProjectApplication - The following 1 profile is active: "dev"
2024-09-16 11:08:02 [main] INFO  o.s.d.r.c.RepositoryConfigurationDelegate - Bootstrapping Spring Data JPA repositories in DEFAULT mode.
2024-09-16 11:08:03 [main] INFO  o.s.d.r.c.RepositoryConfigurationDelegate - Finished Spring Data repository scanning in 125 ms. Found 5 JPA repository interfaces.
2024-09-16 11:08:04 [main] DEBUG o.s.b.w.e.t.TomcatServletWebServerFactory - Code archive: C:\Users\USER\.m2\repository\org\springframework\boot\spring-boot\3.3.3\spring-boot-3.3.3.jar
2024-09-16 11:08:04 [main] DEBUG o.s.b.w.e.t.TomcatServletWebServerFactory - Code archive: C:\Users\USER\.m2\repository\org\springframework\boot\spring-boot\3.3.3\spring-boot-3.3.3.jar
2024-09-16 11:08:04 [main] DEBUG o.s.b.w.e.t.TomcatServletWebServerFactory - None of the document roots [src/main/webapp, public, static] point to a directory and will be ignored.
2024-09-16 11:08:04 [main] INFO  o.s.b.w.e.tomcat.TomcatWebServer - Tomcat initialized with port 8080 (http)
2024-09-16 11:08:04 [main] INFO  o.a.catalina.core.StandardService - Starting service [Tomcat]
2024-09-16 11:08:04 [main] INFO  o.a.catalina.core.StandardEngine - Starting Servlet engine: [Apache Tomcat/10.1.28]
2024-09-16 11:08:04 [main] INFO  o.a.c.c.C.[Tomcat].[localhost].[/] - Initializing Spring embedded WebApplicationContext
2024-09-16 11:08:04 [main] INFO  o.s.b.w.s.c.ServletWebServerApplicationContext - Root WebApplicationContext: initialization completed in 4106 ms
2024-09-16 11:08:05 [main] INFO  o.h.jpa.internal.util.LogHelper - HHH000204: Processing PersistenceUnitInfo [name: default]
2024-09-16 11:08:05 [main] INFO  org.hibernate.Version - HHH000412: Hibernate ORM core version 6.5.2.Final
2024-09-16 11:08:05 [main] INFO  o.h.c.i.RegionFactoryInitiator - HHH000026: Second-level cache disabled
2024-09-16 11:08:05 [main] INFO  o.s.o.j.p.SpringPersistenceUnitInfo - No LoadTimeWeaver setup: ignoring JPA class transformer
2024-09-16 11:08:05 [main] INFO  com.zaxxer.hikari.HikariDataSource - HikariPool-1 - Starting...
2024-09-16 11:08:05 [main] INFO  com.zaxxer.hikari.pool.HikariPool - HikariPool-1 - Added connection org.postgresql.jdbc.PgConnection@a302f30
2024-09-16 11:08:05 [main] INFO  com.zaxxer.hikari.HikariDataSource - HikariPool-1 - Start completed.
2024-09-16 11:08:07 [main] INFO  o.h.e.t.j.p.i.JtaPlatformInitiator - HHH000489: No JTA platform available (set 'hibernate.transaction.jta.platform' to enable JTA platform integration)
2024-09-16 11:08:07 [main] INFO  o.s.o.j.LocalContainerEntityManagerFactoryBean - Initialized JPA EntityManagerFactory for persistence unit 'default'
2024-09-16 11:08:08 [main] INFO  o.s.d.j.r.query.QueryEnhancerFactory - Hibernate is in classpath; If applicable, HQL parser will be used.
2024-09-16 11:08:09 [main] INFO  o.s.s.c.a.a.c.InitializeAuthenticationProviderBeanManagerConfigurer$InitializeAuthenticationProviderManagerConfigurer - Global AuthenticationManager configured with AuthenticationProvider bean with name authenticationProvider
2024-09-16 11:08:09 [main] WARN  o.s.s.c.a.a.c.InitializeUserDetailsBeanManagerConfigurer$InitializeUserDetailsManagerConfigurer - Global AuthenticationManager configured with an AuthenticationProvider bean. UserDetailsService beans will not be used for username/password login. Consider removing the AuthenticationProvider bean. Alternatively, consider using the UserDetailsService in a manually instantiated DaoAuthenticationProvider.
2024-09-16 11:08:10 [main] WARN  o.s.b.a.o.j.JpaBaseConfiguration$JpaWebConfiguration - spring.jpa.open-in-view is enabled by default. Therefore, database queries may be performed during view rendering. Explicitly configure spring.jpa.open-in-view to disable this warning
2024-09-16 11:08:10 [main] INFO  o.s.b.a.e.web.EndpointLinksResolver - Exposing 1 endpoint beneath base path '/actuator'
2024-09-16 11:08:12 [main] INFO  o.s.b.w.e.tomcat.TomcatWebServer - Tomcat started on port 8080 (http) with context path '/'
2024-09-16 11:08:12 [main] INFO  c.a.AcledaTrainingProjectApplication - Started AcledaTrainingProjectApplication in 12.822 seconds (process running for 13.755)
2024-09-16 11:08:12 [RMI TCP Connection(4)-172.17.202.45] INFO  o.a.c.c.C.[Tomcat].[localhost].[/] - Initializing Spring DispatcherServlet 'dispatcherServlet'
2024-09-16 11:08:12 [RMI TCP Connection(4)-172.17.202.45] INFO  o.s.web.servlet.DispatcherServlet - Initializing Servlet 'dispatcherServlet'
2024-09-16 11:08:12 [RMI TCP Connection(4)-172.17.202.45] INFO  o.s.web.servlet.DispatcherServlet - Completed initialization in 4 ms
2024-09-16 11:08:34 [http-nio-8080-exec-1] INFO  com.acledabankplc.log.LoggingAspect - Total requests processed: 1
2024-09-16 11:08:34 [http-nio-8080-exec-1] INFO  com.acledabankplc.log.LoggingAspect - Method ResponseEntity com.acledabankplc.controller.EnrollmentController.registerEnrollment(EnrollmentRequest) called with requestData: [{"courseId":15,"studentId":20}]
2024-09-16 11:08:34 [http-nio-8080-exec-1] INFO  c.a.s.serviceImpl.CourseServiceImpl - Student is already enrolled in this course: 15
2024-09-16 11:14:56 [SpringApplicationShutdownHook] INFO  o.s.o.j.LocalContainerEntityManagerFactoryBean - Closing JPA EntityManagerFactory for persistence unit 'default'
2024-09-16 11:14:56 [SpringApplicationShutdownHook] INFO  com.zaxxer.hikari.HikariDataSource - HikariPool-1 - Shutdown initiated...
2024-09-16 11:14:56 [SpringApplicationShutdownHook] INFO  com.zaxxer.hikari.HikariDataSource - HikariPool-1 - Shutdown completed.
2024-09-16 11:20:10 [main] INFO  c.a.AcledaTrainingProjectApplication - Starting AcledaTrainingProjectApplication using Java 17.0.10 with PID 4132 (D:\app\training-project\target\classes started by USER in D:\app\training-project)
2024-09-16 11:20:10 [main] INFO  c.a.AcledaTrainingProjectApplication - The following 1 profile is active: "dev"
2024-09-16 11:20:14 [main] INFO  o.s.d.r.c.RepositoryConfigurationDelegate - Bootstrapping Spring Data JPA repositories in DEFAULT mode.
2024-09-16 11:20:14 [main] INFO  o.s.d.r.c.RepositoryConfigurationDelegate - Finished Spring Data repository scanning in 125 ms. Found 5 JPA repository interfaces.
2024-09-16 11:20:15 [main] DEBUG o.s.b.w.e.t.TomcatServletWebServerFactory - Code archive: C:\Users\USER\.m2\repository\org\springframework\boot\spring-boot\3.3.3\spring-boot-3.3.3.jar
2024-09-16 11:20:15 [main] DEBUG o.s.b.w.e.t.TomcatServletWebServerFactory - Code archive: C:\Users\USER\.m2\repository\org\springframework\boot\spring-boot\3.3.3\spring-boot-3.3.3.jar
2024-09-16 11:20:15 [main] DEBUG o.s.b.w.e.t.TomcatServletWebServerFactory - None of the document roots [src/main/webapp, public, static] point to a directory and will be ignored.
2024-09-16 11:20:15 [main] INFO  o.s.b.w.e.tomcat.TomcatWebServer - Tomcat initialized with port 8080 (http)
2024-09-16 11:20:15 [main] INFO  o.a.catalina.core.StandardService - Starting service [Tomcat]
2024-09-16 11:20:15 [main] INFO  o.a.catalina.core.StandardEngine - Starting Servlet engine: [Apache Tomcat/10.1.28]
2024-09-16 11:20:15 [main] INFO  o.a.c.c.C.[Tomcat].[localhost].[/] - Initializing Spring embedded WebApplicationContext
2024-09-16 11:20:15 [main] INFO  o.s.b.w.s.c.ServletWebServerApplicationContext - Root WebApplicationContext: initialization completed in 4678 ms
2024-09-16 11:20:16 [main] INFO  o.h.jpa.internal.util.LogHelper - HHH000204: Processing PersistenceUnitInfo [name: default]
2024-09-16 11:20:16 [main] INFO  org.hibernate.Version - HHH000412: Hibernate ORM core version 6.5.2.Final
2024-09-16 11:20:16 [main] INFO  o.h.c.i.RegionFactoryInitiator - HHH000026: Second-level cache disabled
2024-09-16 11:20:16 [main] INFO  o.s.o.j.p.SpringPersistenceUnitInfo - No LoadTimeWeaver setup: ignoring JPA class transformer
2024-09-16 11:20:16 [main] INFO  com.zaxxer.hikari.HikariDataSource - HikariPool-1 - Starting...
2024-09-16 11:20:16 [main] INFO  com.zaxxer.hikari.pool.HikariPool - HikariPool-1 - Added connection org.postgresql.jdbc.PgConnection@44a9971f
2024-09-16 11:20:16 [main] INFO  com.zaxxer.hikari.HikariDataSource - HikariPool-1 - Start completed.
2024-09-16 11:20:19 [main] INFO  o.h.e.t.j.p.i.JtaPlatformInitiator - HHH000489: No JTA platform available (set 'hibernate.transaction.jta.platform' to enable JTA platform integration)
2024-09-16 11:20:19 [main] INFO  o.s.o.j.LocalContainerEntityManagerFactoryBean - Initialized JPA EntityManagerFactory for persistence unit 'default'
2024-09-16 11:20:20 [main] INFO  o.s.d.j.r.query.QueryEnhancerFactory - Hibernate is in classpath; If applicable, HQL parser will be used.
2024-09-16 11:20:20 [main] INFO  o.s.s.c.a.a.c.InitializeAuthenticationProviderBeanManagerConfigurer$InitializeAuthenticationProviderManagerConfigurer - Global AuthenticationManager configured with AuthenticationProvider bean with name authenticationProvider
2024-09-16 11:20:20 [main] WARN  o.s.s.c.a.a.c.InitializeUserDetailsBeanManagerConfigurer$InitializeUserDetailsManagerConfigurer - Global AuthenticationManager configured with an AuthenticationProvider bean. UserDetailsService beans will not be used for username/password login. Consider removing the AuthenticationProvider bean. Alternatively, consider using the UserDetailsService in a manually instantiated DaoAuthenticationProvider.
2024-09-16 11:20:21 [main] WARN  o.s.b.a.o.j.JpaBaseConfiguration$JpaWebConfiguration - spring.jpa.open-in-view is enabled by default. Therefore, database queries may be performed during view rendering. Explicitly configure spring.jpa.open-in-view to disable this warning
2024-09-16 11:20:22 [main] INFO  o.s.b.a.e.web.EndpointLinksResolver - Exposing 1 endpoint beneath base path '/actuator'
2024-09-16 11:20:24 [main] INFO  o.s.b.w.e.tomcat.TomcatWebServer - Tomcat started on port 8080 (http) with context path '/'
2024-09-16 11:20:24 [main] INFO  c.a.AcledaTrainingProjectApplication - Started AcledaTrainingProjectApplication in 14.509 seconds (process running for 15.756)
2024-09-16 11:20:24 [RMI TCP Connection(3)-172.17.202.45] INFO  o.a.c.c.C.[Tomcat].[localhost].[/] - Initializing Spring DispatcherServlet 'dispatcherServlet'
2024-09-16 11:20:24 [RMI TCP Connection(3)-172.17.202.45] INFO  o.s.web.servlet.DispatcherServlet - Initializing Servlet 'dispatcherServlet'
2024-09-16 11:20:24 [RMI TCP Connection(3)-172.17.202.45] INFO  o.s.web.servlet.DispatcherServlet - Completed initialization in 4 ms
2024-09-16 11:20:35 [http-nio-8080-exec-1] INFO  com.acledabankplc.log.LoggingAspect - Total requests processed: 1
2024-09-16 11:20:35 [http-nio-8080-exec-1] INFO  com.acledabankplc.log.LoggingAspect - Method ResponseEntity com.acledabankplc.controller.EnrollmentController.registerEnrollment(EnrollmentRequest) called with requestData: [{"courseId":15,"studentId":20}]
2024-09-16 11:20:35 [http-nio-8080-exec-1] INFO  c.a.s.serviceImpl.CourseServiceImpl - Student is already enrolled in this course: 15
2024-09-16 11:22:19 [http-nio-8080-exec-5] INFO  com.acledabankplc.log.LoggingAspect - Total requests processed: 2
2024-09-16 11:22:19 [http-nio-8080-exec-5] INFO  com.acledabankplc.log.LoggingAspect - Method ResponseEntity com.acledabankplc.controller.EnrollmentController.registerEnrollment(EnrollmentRequest) called with requestData: [{"courseId":15,"studentId":20}]
2024-09-16 11:22:19 [http-nio-8080-exec-5] INFO  c.a.s.serviceImpl.CourseServiceImpl - Student is already enrolled in this course: 15
2024-09-16 11:22:28 [http-nio-8080-exec-6] INFO  com.acledabankplc.log.LoggingAspect - Total requests processed: 3
2024-09-16 11:22:28 [http-nio-8080-exec-6] INFO  com.acledabankplc.log.LoggingAspect - Method ResponseEntity com.acledabankplc.controller.EnrollmentController.registerEnrollment(EnrollmentRequest) called with requestData: [{"courseId":15,"studentId":20}]
2024-09-16 11:22:28 [http-nio-8080-exec-6] INFO  c.a.s.serviceImpl.CourseServiceImpl - Student is already enrolled in this course: 15
